<?xml version="1.0" encoding="UTF-8"?>
<!-- Generated by org.testng.reporters.JUnitReportReporter -->
<testsuite skipped="0" hostname="Saif" name="com.api.restful.tests.GetAPITest" tests="1" failures="0" timestamp="08 Sep 2018 19:22:41 GMT" time="1.900" errors="0">
  <testcase name="getTest" time="1.900" classname="com.api.restful.tests.GetAPITest"/>
</testsuite> <!-- com.api.restful.tests.GetAPITest -->
