<?xml version="1.0" encoding="UTF-8"?>
<!-- Generated by org.testng.reporters.JUnitReportReporter -->
<testsuite skipped="0" hostname="Saif" name="com.api.restful.TestMain" tests="1" failures="0" timestamp="08 Sep 2018 17:24:47 GMT" time="1.975" errors="0">
  <testcase name="Test_01" time="1.975" classname="com.api.restful.TestMain"/>
</testsuite> <!-- com.api.restful.TestMain -->
